2020-10-21 13:58:29,456 handle_mysql.py--> sql_alldata 20: INFO ----->(1046, 'No database selected')
2020-10-21 13:58:53,088 handle_mysql.py--> sql_alldata 20: INFO ----->(1046, 'No database selected')
2020-10-21 13:59:00,975 handle_mysql.py--> sql_alldata 20: INFO ----->(1046, 'No database selected')
2020-10-21 13:59:47,263 handle_mysql.py--> sql_alldata 20: INFO ----->(1046, 'No database selected')
2020-10-21 14:01:21,581 handle_mysql.py--> sql_alldata 20: INFO ----->(1046, 'No database selected')
2020-10-21 14:02:17,847 handle_mysql.py--> sql_alldata 20: INFO ----->(1064, 'You have an error in your SQL syntax; check the manual that corresponds to your MySQL server version for the right syntax to use near \'"select * from dbuser.tbapp"\' at line 1')
2020-10-21 14:03:26,089 handle_mysql.py--> sql_alldata 20: INFO ----->(1046, 'No database selected')
2020-10-21 14:25:13,587 seleniumFindelement.py--> __init__ 20: INFO ----->None
2020-10-21 14:25:13,588 seleniumFindelement.py--> __init__ 20: INFO ----->None
2020-10-21 14:25:13,589 seleniumFindelement.py--> __init__ 20: INFO ----->None
2020-10-21 14:25:13,589 seleniumFindelement.py--> __init__ 20: INFO ----->None
2020-10-21 14:25:16,615 seleniumFindelement.py--> get_element 20: INFO ----->yhgllist
2020-10-21 14:25:16,615 seleniumFindelement.py--> get_element 20: INFO ----->classnames>outerText  #用户管理列表数据
2020-10-21 14:25:16,615 seleniumFindelement.py--> get_element 20: INFO ----->定位方式classnames定位值outerText  #用户管理列表数据
2020-10-21 14:25:16,615 seleniumFindelement.py--> get_element 20: INFO ----->(<class 'AttributeError'>, AttributeError("'WebDriver' object has no attribute 'find_elemennts_by_class_name'"), <traceback object at 0x111365e40>)
2020-10-21 14:26:45,739 seleniumFindelement.py--> __init__ 20: INFO ----->None
2020-10-21 14:26:45,739 seleniumFindelement.py--> __init__ 20: INFO ----->None
2020-10-21 14:26:45,740 seleniumFindelement.py--> __init__ 20: INFO ----->None
2020-10-21 14:26:45,740 seleniumFindelement.py--> __init__ 20: INFO ----->None
2020-10-21 14:26:48,561 seleniumFindelement.py--> get_element 20: INFO ----->yhgllist
2020-10-21 14:26:48,562 seleniumFindelement.py--> get_element 20: INFO ----->classnames>outerText  #用户管理列表数据
2020-10-21 14:26:48,562 seleniumFindelement.py--> get_element 20: INFO ----->定位方式classnames定位值outerText  #用户管理列表数据
2020-10-21 14:26:48,598 seleniumFindelement.py--> get_element 20: INFO ----->(<class 'selenium.common.exceptions.InvalidSelectorException'>, InvalidSelectorException('invalid selector: Compound class names not permitted\n  (Session info: chrome=86.0.4240.80)\n  (Driver info: chromedriver=86.0.4240.22 (398b0743353ff36fb1b82468f63a3a93b4e2e89e-refs/branch-heads/4240@{#378}),platform=Mac OS X 10.15.5 x86_64)', None, None), <traceback object at 0x10e8cb4c0>)
2020-10-21 14:28:34,434 seleniumFindelement.py--> __init__ 20: INFO ----->None
2020-10-21 14:28:34,435 seleniumFindelement.py--> __init__ 20: INFO ----->None
2020-10-21 14:28:34,437 seleniumFindelement.py--> __init__ 20: INFO ----->None
2020-10-21 14:28:34,441 seleniumFindelement.py--> __init__ 20: INFO ----->None
2020-10-21 14:28:37,295 seleniumFindelement.py--> get_element 20: INFO ----->yhgllist
2020-10-21 14:28:37,295 seleniumFindelement.py--> get_element 20: INFO ----->xpath>//tbody/tr[1]  #用户管理列表数据
2020-10-21 14:28:37,295 seleniumFindelement.py--> get_element 20: INFO ----->定位方式xpath定位值//tbody/tr[1]  #用户管理列表数据
2020-10-21 14:28:37,321 seleniumFindelement.py--> get_element 20: INFO ----->(<class 'selenium.common.exceptions.InvalidSelectorException'>, InvalidSelectorException("invalid selector: Unable to locate an element with the xpath expression //tbody/tr[1]  #用户管理列表数据 because of the following error:\nSyntaxError: Failed to execute 'evaluate' on 'Document': The string '//tbody/tr[1]  #用户管理列表数据' is not a valid XPath expression.\n  (Session info: chrome=86.0.4240.80)\n  (Driver info: chromedriver=86.0.4240.22 (398b0743353ff36fb1b82468f63a3a93b4e2e89e-refs/branch-heads/4240@{#378}),platform=Mac OS X 10.15.5 x86_64)", None, None), <traceback object at 0x107870300>)
2020-10-21 14:31:22,002 seleniumFindelement.py--> __init__ 20: INFO ----->None
2020-10-21 14:31:22,003 seleniumFindelement.py--> __init__ 20: INFO ----->None
2020-10-21 14:31:22,004 seleniumFindelement.py--> __init__ 20: INFO ----->None
2020-10-21 14:31:22,004 seleniumFindelement.py--> __init__ 20: INFO ----->None
2020-10-21 14:31:24,512 seleniumFindelement.py--> get_element 20: INFO ----->yhgllist
2020-10-21 14:31:24,513 seleniumFindelement.py--> get_element 20: INFO ----->xpath>//tr[@class='el-table__row']  #用户管理列表数据
2020-10-21 14:31:24,513 seleniumFindelement.py--> get_element 20: INFO ----->定位方式xpath定位值//tr[@class='el-table__row']  #用户管理列表数据
2020-10-21 14:31:24,541 seleniumFindelement.py--> get_element 20: INFO ----->(<class 'selenium.common.exceptions.InvalidSelectorException'>, InvalidSelectorException("invalid selector: Unable to locate an element with the xpath expression //tr[@class='el-table__row']  #用户管理列表数据 because of the following error:\nSyntaxError: Failed to execute 'evaluate' on 'Document': The string '//tr[@class='el-table__row']  #用户管理列表数据' is not a valid XPath expression.\n  (Session info: chrome=86.0.4240.80)\n  (Driver info: chromedriver=86.0.4240.22 (398b0743353ff36fb1b82468f63a3a93b4e2e89e-refs/branch-heads/4240@{#378}),platform=Mac OS X 10.15.5 x86_64)", None, None), <traceback object at 0x105d4d440>)
2020-10-21 14:32:52,799 seleniumFindelement.py--> __init__ 20: INFO ----->None
2020-10-21 14:32:52,799 seleniumFindelement.py--> __init__ 20: INFO ----->None
2020-10-21 14:32:52,801 seleniumFindelement.py--> __init__ 20: INFO ----->None
2020-10-21 14:32:52,801 seleniumFindelement.py--> __init__ 20: INFO ----->None
2020-10-21 14:32:55,697 seleniumFindelement.py--> get_element 20: INFO ----->yhgllist
2020-10-21 14:32:55,697 seleniumFindelement.py--> get_element 20: INFO ----->xpath>//tr[@class='el-table__row']  #用户管理列表数据
2020-10-21 14:32:55,697 seleniumFindelement.py--> get_element 20: INFO ----->定位方式xpath定位值//tr[@class='el-table__row']  #用户管理列表数据
2020-10-21 14:32:55,727 seleniumFindelement.py--> get_element 20: INFO ----->(<class 'selenium.common.exceptions.InvalidSelectorException'>, InvalidSelectorException("invalid selector: Unable to locate an element with the xpath expression //tr[@class='el-table__row']  #用户管理列表数据 because of the following error:\nSyntaxError: Failed to execute 'evaluate' on 'Document': The string '//tr[@class='el-table__row']  #用户管理列表数据' is not a valid XPath expression.\n  (Session info: chrome=86.0.4240.80)\n  (Driver info: chromedriver=86.0.4240.22 (398b0743353ff36fb1b82468f63a3a93b4e2e89e-refs/branch-heads/4240@{#378}),platform=Mac OS X 10.15.5 x86_64)", None, None), <traceback object at 0x10532d180>)
2020-10-21 14:38:43,328 seleniumFindelement.py--> __init__ 20: INFO ----->None
2020-10-21 14:38:43,329 seleniumFindelement.py--> __init__ 20: INFO ----->None
2020-10-21 14:38:43,331 seleniumFindelement.py--> __init__ 20: INFO ----->None
2020-10-21 14:38:43,331 seleniumFindelement.py--> __init__ 20: INFO ----->None
2020-10-21 14:39:54,230 seleniumFindelement.py--> __init__ 20: INFO ----->None
2020-10-21 14:39:54,230 seleniumFindelement.py--> __init__ 20: INFO ----->None
2020-10-21 14:39:54,232 seleniumFindelement.py--> __init__ 20: INFO ----->None
2020-10-21 14:39:54,233 seleniumFindelement.py--> __init__ 20: INFO ----->None
2020-10-21 14:40:19,287 seleniumFindelement.py--> __init__ 20: INFO ----->None
2020-10-21 14:40:19,287 seleniumFindelement.py--> __init__ 20: INFO ----->None
2020-10-21 14:40:19,288 seleniumFindelement.py--> __init__ 20: INFO ----->None
2020-10-21 14:40:19,288 seleniumFindelement.py--> __init__ 20: INFO ----->None
2020-10-21 14:41:18,527 seleniumFindelement.py--> __init__ 20: INFO ----->None
2020-10-21 14:41:18,527 seleniumFindelement.py--> __init__ 20: INFO ----->None
2020-10-21 14:41:18,529 seleniumFindelement.py--> __init__ 20: INFO ----->None
2020-10-21 14:41:18,530 seleniumFindelement.py--> __init__ 20: INFO ----->None
2020-10-21 14:43:24,043 seleniumFindelement.py--> __init__ 20: INFO ----->None
2020-10-21 14:43:24,044 seleniumFindelement.py--> __init__ 20: INFO ----->None
2020-10-21 14:43:24,045 seleniumFindelement.py--> __init__ 20: INFO ----->None
2020-10-21 14:43:24,045 seleniumFindelement.py--> __init__ 20: INFO ----->None
2020-10-21 14:44:41,491 seleniumFindelement.py--> __init__ 20: INFO ----->None
2020-10-21 14:44:41,491 seleniumFindelement.py--> __init__ 20: INFO ----->None
2020-10-21 14:44:41,493 seleniumFindelement.py--> __init__ 20: INFO ----->None
2020-10-21 14:44:41,493 seleniumFindelement.py--> __init__ 20: INFO ----->None
2020-10-21 14:44:45,989 seleniumFindelement.py--> get_element 20: INFO ----->yhgllist
2020-10-21 14:44:45,989 seleniumFindelement.py--> get_element 20: INFO ----->classnames>/el-table__ro  #用户管理列表数据
2020-10-21 14:44:45,989 seleniumFindelement.py--> get_element 20: INFO ----->定位方式classnames定位值/el-table__ro  #用户管理列表数据
2020-10-21 14:44:46,006 seleniumFindelement.py--> get_element 20: INFO ----->(<class 'selenium.common.exceptions.InvalidSelectorException'>, InvalidSelectorException('invalid selector: Compound class names not permitted\n  (Session info: chrome=86.0.4240.80)\n  (Driver info: chromedriver=86.0.4240.22 (398b0743353ff36fb1b82468f63a3a93b4e2e89e-refs/branch-heads/4240@{#378}),platform=Mac OS X 10.15.5 x86_64)', None, None), <traceback object at 0x105ee2800>)
2020-10-21 14:46:29,098 seleniumFindelement.py--> __init__ 20: INFO ----->None
2020-10-21 14:46:29,098 seleniumFindelement.py--> __init__ 20: INFO ----->None
2020-10-21 14:46:29,099 seleniumFindelement.py--> __init__ 20: INFO ----->None
2020-10-21 14:46:29,099 seleniumFindelement.py--> __init__ 20: INFO ----->None
2020-10-21 14:46:33,535 seleniumFindelement.py--> get_element 20: INFO ----->yhgllist
2020-10-21 14:46:33,535 seleniumFindelement.py--> get_element 20: INFO ----->classnames>el-table__ro  #用户管理列表数据
2020-10-21 14:46:33,535 seleniumFindelement.py--> get_element 20: INFO ----->定位方式classnames定位值el-table__ro  #用户管理列表数据
2020-10-21 14:46:33,556 seleniumFindelement.py--> get_element 20: INFO ----->(<class 'selenium.common.exceptions.InvalidSelectorException'>, InvalidSelectorException('invalid selector: Compound class names not permitted\n  (Session info: chrome=86.0.4240.80)\n  (Driver info: chromedriver=86.0.4240.22 (398b0743353ff36fb1b82468f63a3a93b4e2e89e-refs/branch-heads/4240@{#378}),platform=Mac OS X 10.15.5 x86_64)', None, None), <traceback object at 0x10518f2c0>)
2020-10-21 14:48:09,947 seleniumFindelement.py--> __init__ 20: INFO ----->None
2020-10-21 14:48:09,947 seleniumFindelement.py--> __init__ 20: INFO ----->None
2020-10-21 14:48:09,948 seleniumFindelement.py--> __init__ 20: INFO ----->None
2020-10-21 14:48:09,948 seleniumFindelement.py--> __init__ 20: INFO ----->None
2020-10-21 15:23:47,090 seleniumFindelement.py--> __init__ 20: INFO ----->None
2020-10-21 15:23:47,092 seleniumFindelement.py--> __init__ 20: INFO ----->None
2020-10-21 15:23:47,094 seleniumFindelement.py--> __init__ 20: INFO ----->None
2020-10-21 15:23:47,094 seleniumFindelement.py--> __init__ 20: INFO ----->None
2020-10-21 15:25:25,986 seleniumFindelement.py--> __init__ 20: INFO ----->None
2020-10-21 15:25:25,987 seleniumFindelement.py--> __init__ 20: INFO ----->None
2020-10-21 15:25:25,988 seleniumFindelement.py--> __init__ 20: INFO ----->None
2020-10-21 15:25:25,988 seleniumFindelement.py--> __init__ 20: INFO ----->None
2020-10-21 18:18:08,804 seleniumFindelement.py--> __init__ 20: INFO ----->None
2020-10-21 18:18:08,805 seleniumFindelement.py--> __init__ 20: INFO ----->None
2020-10-21 18:18:08,806 seleniumFindelement.py--> __init__ 20: INFO ----->None
2020-10-21 18:18:08,807 seleniumFindelement.py--> __init__ 20: INFO ----->None
2020-10-21 18:18:12,079 seleniumFindelement.py--> get_element 20: INFO ----->yhgllist
2020-10-21 18:18:12,079 seleniumFindelement.py--> get_element 20: INFO ----->classnames>el-table__row  #用户管理列表数据
2020-10-21 18:18:12,079 seleniumFindelement.py--> get_element 20: INFO ----->定位方式classnames定位值el-table__row  #用户管理列表数据
2020-10-21 18:18:12,109 seleniumFindelement.py--> get_element 20: INFO ----->(<class 'selenium.common.exceptions.InvalidSelectorException'>, InvalidSelectorException('invalid selector: Compound class names not permitted\n  (Session info: chrome=86.0.4240.80)\n  (Driver info: chromedriver=86.0.4240.22 (398b0743353ff36fb1b82468f63a3a93b4e2e89e-refs/branch-heads/4240@{#378}),platform=Mac OS X 10.15.5 x86_64)', None, None), <traceback object at 0x10ffaa3c0>)
2020-10-21 18:19:44,672 seleniumFindelement.py--> __init__ 20: INFO ----->None
2020-10-21 18:19:44,673 seleniumFindelement.py--> __init__ 20: INFO ----->None
2020-10-21 18:19:44,674 seleniumFindelement.py--> __init__ 20: INFO ----->None
2020-10-21 18:19:44,674 seleniumFindelement.py--> __init__ 20: INFO ----->None
2020-10-21 18:19:47,874 seleniumFindelement.py--> get_element 20: INFO ----->yhgllist
2020-10-21 18:19:47,874 seleniumFindelement.py--> get_element 20: INFO ----->classnames>el-table__row
2020-10-21 18:19:47,874 seleniumFindelement.py--> get_element 20: INFO ----->定位方式classnames定位值el-table__row
2020-10-21 18:20:57,418 seleniumFindelement.py--> __init__ 20: INFO ----->None
2020-10-21 18:20:57,418 seleniumFindelement.py--> __init__ 20: INFO ----->None
2020-10-21 18:20:57,420 seleniumFindelement.py--> __init__ 20: INFO ----->None
2020-10-21 18:20:57,420 seleniumFindelement.py--> __init__ 20: INFO ----->None
2020-10-21 18:21:00,271 seleniumFindelement.py--> get_element 20: INFO ----->yhgllist
2020-10-21 18:21:00,271 seleniumFindelement.py--> get_element 20: INFO ----->classnames>el-table__row
2020-10-21 18:21:00,272 seleniumFindelement.py--> get_element 20: INFO ----->定位方式classnames定位值el-table__row
2020-10-21 18:22:31,511 seleniumFindelement.py--> __init__ 20: INFO ----->None
2020-10-21 18:22:31,511 seleniumFindelement.py--> __init__ 20: INFO ----->None
2020-10-21 18:22:31,513 seleniumFindelement.py--> __init__ 20: INFO ----->None
2020-10-21 18:22:31,513 seleniumFindelement.py--> __init__ 20: INFO ----->None
2020-10-21 18:22:34,448 seleniumFindelement.py--> get_element 20: INFO ----->yhgllist
2020-10-21 18:22:34,449 seleniumFindelement.py--> get_element 20: INFO ----->classnames>el-table__row
2020-10-21 18:22:34,450 seleniumFindelement.py--> get_element 20: INFO ----->定位方式classnames定位值el-table__row
2020-10-21 18:24:02,396 seleniumFindelement.py--> __init__ 20: INFO ----->None
2020-10-21 18:24:02,396 seleniumFindelement.py--> __init__ 20: INFO ----->None
2020-10-21 18:24:02,397 seleniumFindelement.py--> __init__ 20: INFO ----->None
2020-10-21 18:24:02,398 seleniumFindelement.py--> __init__ 20: INFO ----->None
2020-10-21 18:24:05,255 seleniumFindelement.py--> get_element 20: INFO ----->yhgllist
2020-10-21 18:24:05,256 seleniumFindelement.py--> get_element 20: INFO ----->classnames>el-table__row
2020-10-21 18:24:05,256 seleniumFindelement.py--> get_element 20: INFO ----->定位方式classnames定位值el-table__row
2020-10-21 18:26:33,362 seleniumFindelement.py--> __init__ 20: INFO ----->None
2020-10-21 18:26:33,362 seleniumFindelement.py--> __init__ 20: INFO ----->None
2020-10-21 18:26:33,363 seleniumFindelement.py--> __init__ 20: INFO ----->None
2020-10-21 18:26:33,364 seleniumFindelement.py--> __init__ 20: INFO ----->None
2020-10-21 18:26:36,215 seleniumFindelement.py--> get_element 20: INFO ----->yhgllist
2020-10-21 18:26:36,215 seleniumFindelement.py--> get_element 20: INFO ----->classnames>el-table__row
2020-10-21 18:26:36,215 seleniumFindelement.py--> get_element 20: INFO ----->定位方式classnames定位值el-table__row
