2020-10-20 22:16:57,401 seleniumFindelement.py--> __init__ 20: INFO ----->None
2020-10-20 22:16:57,402 seleniumFindelement.py--> __init__ 20: INFO ----->None
2020-10-20 22:16:57,403 seleniumFindelement.py--> __init__ 20: INFO ----->None
2020-10-20 22:16:57,403 seleniumFindelement.py--> __init__ 20: INFO ----->None
2020-10-20 22:17:04,016 seleniumFindelement.py--> get_element 20: INFO ----->None
2020-10-20 22:20:33,058 seleniumFindelement.py--> __init__ 20: INFO ----->None
2020-10-20 22:20:33,058 seleniumFindelement.py--> __init__ 20: INFO ----->None
2020-10-20 22:20:33,059 seleniumFindelement.py--> __init__ 20: INFO ----->None
2020-10-20 22:20:33,059 seleniumFindelement.py--> __init__ 20: INFO ----->None
2020-10-20 22:22:25,845 seleniumFindelement.py--> __init__ 20: INFO ----->None
2020-10-20 22:22:25,845 seleniumFindelement.py--> __init__ 20: INFO ----->None
2020-10-20 22:22:25,846 seleniumFindelement.py--> __init__ 20: INFO ----->None
2020-10-20 22:22:25,846 seleniumFindelement.py--> __init__ 20: INFO ----->None
2020-10-20 22:23:02,507 seleniumFindelement.py--> __init__ 20: INFO ----->None
2020-10-20 22:23:02,507 seleniumFindelement.py--> __init__ 20: INFO ----->None
2020-10-20 22:23:02,508 seleniumFindelement.py--> __init__ 20: INFO ----->None
2020-10-20 22:23:02,508 seleniumFindelement.py--> __init__ 20: INFO ----->None
2020-10-20 22:24:42,644 seleniumFindelement.py--> __init__ 20: INFO ----->None
2020-10-20 22:24:42,644 seleniumFindelement.py--> __init__ 20: INFO ----->None
2020-10-20 22:24:42,645 seleniumFindelement.py--> __init__ 20: INFO ----->None
2020-10-20 22:24:42,645 seleniumFindelement.py--> __init__ 20: INFO ----->None
2020-10-20 22:30:01,728 seleniumFindelement.py--> __init__ 20: INFO ----->None
2020-10-20 22:30:01,729 seleniumFindelement.py--> __init__ 20: INFO ----->None
2020-10-20 22:30:01,730 seleniumFindelement.py--> __init__ 20: INFO ----->None
2020-10-20 22:30:01,730 seleniumFindelement.py--> __init__ 20: INFO ----->None
2020-10-20 22:31:01,825 seleniumFindelement.py--> __init__ 20: INFO ----->None
2020-10-20 22:31:01,826 seleniumFindelement.py--> __init__ 20: INFO ----->None
2020-10-20 22:31:01,826 seleniumFindelement.py--> __init__ 20: INFO ----->None
2020-10-20 22:31:01,826 seleniumFindelement.py--> __init__ 20: INFO ----->None
2020-10-20 22:38:46,368 seleniumFindelement.py--> __init__ 20: INFO ----->None
2020-10-20 22:38:46,369 seleniumFindelement.py--> __init__ 20: INFO ----->None
2020-10-20 22:38:46,369 seleniumFindelement.py--> __init__ 20: INFO ----->None
2020-10-20 22:38:46,370 seleniumFindelement.py--> __init__ 20: INFO ----->None
2020-10-20 22:39:20,901 seleniumFindelement.py--> __init__ 20: INFO ----->None
2020-10-20 22:39:20,901 seleniumFindelement.py--> __init__ 20: INFO ----->None
2020-10-20 22:39:20,901 seleniumFindelement.py--> __init__ 20: INFO ----->None
2020-10-20 22:39:20,902 seleniumFindelement.py--> __init__ 20: INFO ----->None
2020-10-20 22:39:30,304 seleniumFindelement.py--> get_element 20: INFO ----->None
2020-10-20 22:40:55,795 seleniumFindelement.py--> __init__ 20: INFO ----->None
2020-10-20 22:40:55,797 seleniumFindelement.py--> __init__ 20: INFO ----->None
2020-10-20 22:40:55,798 seleniumFindelement.py--> __init__ 20: INFO ----->None
2020-10-20 22:40:55,798 seleniumFindelement.py--> __init__ 20: INFO ----->None
2020-10-20 22:41:02,910 seleniumFindelement.py--> get_element 20: INFO ----->None
2020-10-20 22:42:16,566 seleniumFindelement.py--> get_element 20: INFO ----->None
2020-10-20 22:43:11,123 seleniumFindelement.py--> __init__ 20: INFO ----->None
2020-10-20 22:43:11,124 seleniumFindelement.py--> __init__ 20: INFO ----->None
2020-10-20 22:43:11,124 seleniumFindelement.py--> __init__ 20: INFO ----->None
2020-10-20 22:43:11,124 seleniumFindelement.py--> __init__ 20: INFO ----->None
2020-10-20 22:43:19,557 seleniumFindelement.py--> get_element 20: INFO ----->zhzxspan
2020-10-20 22:43:19,557 seleniumFindelement.py--> get_element 20: INFO ----->None
2020-10-20 22:45:56,936 seleniumFindelement.py--> __init__ 20: INFO ----->None
2020-10-20 22:45:56,937 seleniumFindelement.py--> __init__ 20: INFO ----->None
2020-10-20 22:45:56,937 seleniumFindelement.py--> __init__ 20: INFO ----->None
2020-10-20 22:45:56,938 seleniumFindelement.py--> __init__ 20: INFO ----->None
2020-10-20 22:46:06,377 seleniumFindelement.py--> get_element 20: INFO ----->zhzxspan
2020-10-20 22:46:06,378 seleniumFindelement.py--> get_element 20: INFO ----->None
2020-10-20 22:47:39,674 seleniumFindelement.py--> __init__ 20: INFO ----->None
2020-10-20 22:47:39,675 seleniumFindelement.py--> __init__ 20: INFO ----->None
2020-10-20 22:47:39,675 seleniumFindelement.py--> __init__ 20: INFO ----->None
2020-10-20 22:47:39,675 seleniumFindelement.py--> __init__ 20: INFO ----->None
2020-10-20 22:47:49,109 seleniumFindelement.py--> get_element 20: INFO ----->zhzxspan
2020-10-20 22:47:49,110 seleniumFindelement.py--> get_element 20: INFO ----->None
2020-10-20 22:48:40,568 seleniumFindelement.py--> __init__ 20: INFO ----->None
2020-10-20 22:48:40,569 seleniumFindelement.py--> __init__ 20: INFO ----->None
2020-10-20 22:48:40,570 seleniumFindelement.py--> __init__ 20: INFO ----->None
2020-10-20 22:48:40,570 seleniumFindelement.py--> __init__ 20: INFO ----->None
2020-10-20 22:48:50,283 seleniumFindelement.py--> get_element 20: INFO ----->zhzxspan
2020-10-20 22:48:50,284 seleniumFindelement.py--> get_element 20: INFO ----->None
2020-10-20 22:49:51,705 seleniumFindelement.py--> __init__ 20: INFO ----->None
2020-10-20 22:49:51,705 seleniumFindelement.py--> __init__ 20: INFO ----->None
2020-10-20 22:49:51,706 seleniumFindelement.py--> __init__ 20: INFO ----->None
2020-10-20 22:49:51,706 seleniumFindelement.py--> __init__ 20: INFO ----->None
2020-10-20 22:50:00,995 seleniumFindelement.py--> get_element 20: INFO ----->zhzxspan
2020-10-20 22:50:00,996 seleniumFindelement.py--> get_element 20: INFO ----->None
2020-10-20 22:54:18,748 seleniumFindelement.py--> __init__ 20: INFO ----->None
2020-10-20 22:54:18,748 seleniumFindelement.py--> __init__ 20: INFO ----->None
2020-10-20 22:54:18,749 seleniumFindelement.py--> __init__ 20: INFO ----->None
2020-10-20 22:54:18,750 seleniumFindelement.py--> __init__ 20: INFO ----->None
2020-10-20 22:54:27,627 seleniumFindelement.py--> get_element 20: INFO ----->zhzxspan
2020-10-20 22:54:27,628 seleniumFindelement.py--> get_element 20: INFO ----->None
2020-10-20 22:56:31,042 seleniumFindelement.py--> __init__ 20: INFO ----->None
2020-10-20 22:56:31,042 seleniumFindelement.py--> __init__ 20: INFO ----->None
2020-10-20 22:56:31,043 seleniumFindelement.py--> __init__ 20: INFO ----->None
2020-10-20 22:56:31,043 seleniumFindelement.py--> __init__ 20: INFO ----->None
2020-10-20 22:56:40,004 seleniumFindelement.py--> get_element 20: INFO ----->zhzxspan
2020-10-20 22:56:40,004 seleniumFindelement.py--> get_element 20: INFO ----->None
2020-10-20 22:59:50,183 seleniumFindelement.py--> __init__ 20: INFO ----->None
2020-10-20 22:59:50,184 seleniumFindelement.py--> __init__ 20: INFO ----->None
2020-10-20 22:59:50,185 seleniumFindelement.py--> __init__ 20: INFO ----->None
2020-10-20 22:59:50,185 seleniumFindelement.py--> __init__ 20: INFO ----->None
2020-10-20 22:59:59,388 seleniumFindelement.py--> get_element 20: INFO ----->zhzxspan
2020-10-20 22:59:59,388 seleniumFindelement.py--> get_element 20: INFO ----->None
2020-10-20 23:35:11,637 seleniumFindelement.py--> __init__ 20: INFO ----->None
2020-10-20 23:35:11,638 seleniumFindelement.py--> __init__ 20: INFO ----->None
2020-10-20 23:35:11,641 seleniumFindelement.py--> __init__ 20: INFO ----->None
2020-10-20 23:35:11,641 seleniumFindelement.py--> __init__ 20: INFO ----->None
2020-10-20 23:35:21,283 read_ini.py--> get_value 20: INFO ----->No section: 'Element'
2020-10-20 23:35:21,283 seleniumFindelement.py--> get_element 20: INFO ----->zhzxspan
2020-10-20 23:35:21,283 seleniumFindelement.py--> get_element 20: INFO ----->None
2020-10-20 23:41:27,205 read_ini.py--> get_value 20: INFO ----->No section: 'Element'
2020-10-20 23:43:20,475 read_ini.py--> get_value 20: INFO ----->No section: 'Element'
2020-10-20 23:44:00,893 seleniumFindelement.py--> __init__ 20: INFO ----->None
2020-10-20 23:44:00,894 seleniumFindelement.py--> __init__ 20: INFO ----->None
2020-10-20 23:44:00,895 seleniumFindelement.py--> __init__ 20: INFO ----->None
2020-10-20 23:44:00,896 seleniumFindelement.py--> __init__ 20: INFO ----->None
2020-10-20 23:44:09,758 read_ini.py--> get_value 20: INFO ----->No section: 'Element'
2020-10-20 23:44:09,758 seleniumFindelement.py--> get_element 20: INFO ----->zhzxspan
2020-10-20 23:44:09,758 seleniumFindelement.py--> get_element 20: INFO ----->None
2020-10-20 23:48:58,302 seleniumFindelement.py--> __init__ 20: INFO ----->None
2020-10-20 23:48:58,302 seleniumFindelement.py--> __init__ 20: INFO ----->None
2020-10-20 23:48:58,304 seleniumFindelement.py--> __init__ 20: INFO ----->None
2020-10-20 23:48:58,304 seleniumFindelement.py--> __init__ 20: INFO ----->None
2020-10-20 23:49:06,720 read_ini.py--> get_value 20: INFO ----->No section: 'Element'
2020-10-20 23:49:06,720 seleniumFindelement.py--> get_element 20: INFO ----->zhzxspan
2020-10-20 23:49:06,720 seleniumFindelement.py--> get_element 20: INFO ----->None
2020-10-20 23:51:49,746 seleniumFindelement.py--> __init__ 20: INFO ----->None
2020-10-20 23:51:49,747 seleniumFindelement.py--> __init__ 20: INFO ----->None
2020-10-20 23:51:49,748 seleniumFindelement.py--> __init__ 20: INFO ----->None
2020-10-20 23:51:49,748 seleniumFindelement.py--> __init__ 20: INFO ----->None
2020-10-20 23:51:57,813 seleniumFindelement.py--> get_element 20: INFO ----->zhzxspan
2020-10-20 23:51:57,814 seleniumFindelement.py--> get_element 20: INFO ----->xpath>//span[@id='nv_account_center']
2020-10-20 23:51:57,814 seleniumFindelement.py--> get_element 20: INFO ----->定位方式xpath定位值//span[@id='nv_account_center']
2020-10-20 23:51:57,872 seleniumFindelement.py--> get_element 20: INFO ----->tkspan
2020-10-20 23:51:57,872 seleniumFindelement.py--> get_element 20: INFO ----->xpath>//span[@id='nv_team_user_manage']
2020-10-20 23:51:57,873 seleniumFindelement.py--> get_element 20: INFO ----->定位方式xpath定位值//span[@id='nv_team_user_manage']
2020-10-20 23:51:58,031 seleniumFindelement.py--> get_element 20: INFO ----->tdglspan
2020-10-20 23:51:58,031 seleniumFindelement.py--> get_element 20: INFO ----->css>#nv_team_user_view
2020-10-20 23:51:58,031 seleniumFindelement.py--> get_element 20: INFO ----->定位方式css定位值#nv_team_user_view
2020-10-20 23:56:30,081 seleniumFindelement.py--> __init__ 20: INFO ----->None
2020-10-20 23:56:30,081 seleniumFindelement.py--> __init__ 20: INFO ----->None
2020-10-20 23:56:30,083 seleniumFindelement.py--> __init__ 20: INFO ----->None
2020-10-20 23:56:30,083 seleniumFindelement.py--> __init__ 20: INFO ----->None
2020-10-20 23:56:38,353 seleniumFindelement.py--> get_element 20: INFO ----->zhzxspan
2020-10-20 23:56:38,353 seleniumFindelement.py--> get_element 20: INFO ----->xpath>//span[@id='nv_account_center']
2020-10-20 23:56:38,353 seleniumFindelement.py--> get_element 20: INFO ----->定位方式xpath定位值//span[@id='nv_account_center']
2020-10-20 23:56:38,401 seleniumFindelement.py--> get_element 20: INFO ----->tkspan
2020-10-20 23:56:38,401 seleniumFindelement.py--> get_element 20: INFO ----->xpath>//span[@id='nv_team_user_manage']
2020-10-20 23:56:38,401 seleniumFindelement.py--> get_element 20: INFO ----->定位方式xpath定位值//span[@id='nv_team_user_manage']
2020-10-20 23:56:38,558 seleniumFindelement.py--> get_element 20: INFO ----->tdglspan
2020-10-20 23:56:38,558 seleniumFindelement.py--> get_element 20: INFO ----->css>#nv_team_user_view
2020-10-20 23:56:38,558 seleniumFindelement.py--> get_element 20: INFO ----->定位方式css定位值#nv_team_user_view
2020-10-20 23:56:38,559 seleniumFindelement.py--> get_element 20: INFO ----->(<class 'AttributeError'>, AttributeError("'WebDriver' object has no attribute 'find_element_by_css'"), <traceback object at 0x1073fd200>)
2020-10-20 23:58:39,819 seleniumFindelement.py--> __init__ 20: INFO ----->None
2020-10-20 23:58:39,820 seleniumFindelement.py--> __init__ 20: INFO ----->None
2020-10-20 23:58:39,821 seleniumFindelement.py--> __init__ 20: INFO ----->None
2020-10-20 23:58:39,821 seleniumFindelement.py--> __init__ 20: INFO ----->None
2020-10-20 23:58:48,310 seleniumFindelement.py--> get_element 20: INFO ----->zhzxspan
2020-10-20 23:58:48,311 seleniumFindelement.py--> get_element 20: INFO ----->xpath>//span[@id='nv_account_center']
2020-10-20 23:58:48,311 seleniumFindelement.py--> get_element 20: INFO ----->定位方式xpath定位值//span[@id='nv_account_center']
2020-10-20 23:58:48,359 seleniumFindelement.py--> get_element 20: INFO ----->tkspan
2020-10-20 23:58:48,360 seleniumFindelement.py--> get_element 20: INFO ----->xpath>//span[@id='nv_team_user_manage']
2020-10-20 23:58:48,360 seleniumFindelement.py--> get_element 20: INFO ----->定位方式xpath定位值//span[@id='nv_team_user_manage']
2020-10-20 23:58:48,516 seleniumFindelement.py--> get_element 20: INFO ----->tdglspan
2020-10-20 23:58:48,516 seleniumFindelement.py--> get_element 20: INFO ----->css>#nv_team_user_view
2020-10-20 23:58:48,516 seleniumFindelement.py--> get_element 20: INFO ----->定位方式css定位值#nv_team_user_view
