2020-10-23 00:09:44,512 seleniumFindelement.py--> __init__ 20: INFO ----->None
2020-10-23 00:09:44,513 seleniumFindelement.py--> __init__ 20: INFO ----->None
2020-10-23 00:09:44,514 seleniumFindelement.py--> __init__ 20: INFO ----->None
2020-10-23 00:09:44,514 seleniumFindelement.py--> __init__ 20: INFO ----->None
2020-10-23 00:09:48,089 seleniumFindelement.py--> get_element 20: INFO ----->yhgllist
2020-10-23 00:09:48,090 seleniumFindelement.py--> get_element 20: INFO ----->classnames>el-table__row
2020-10-23 00:09:48,090 seleniumFindelement.py--> get_element 20: INFO ----->定位方式classnames定位值el-table__row
2020-10-23 00:09:50,650 seleniumFindelement.py--> get_element 20: INFO ----->(<class 'TypeError'>, TypeError('find_element() takes from 1 to 3 positional arguments but 11 were given'), <traceback object at 0x108bf5340>)
2020-10-23 10:35:01,989 seleniumFindelement.py--> __init__ 20: INFO ----->None
2020-10-23 10:35:01,989 seleniumFindelement.py--> __init__ 20: INFO ----->None
2020-10-23 10:35:01,991 seleniumFindelement.py--> __init__ 20: INFO ----->None
2020-10-23 10:35:01,991 seleniumFindelement.py--> __init__ 20: INFO ----->None
2020-10-23 10:35:04,892 seleniumFindelement.py--> get_element 20: INFO ----->yhgllist
2020-10-23 10:35:04,892 seleniumFindelement.py--> get_element 20: INFO ----->classnames>el-table__row
2020-10-23 10:35:04,892 seleniumFindelement.py--> get_element 20: INFO ----->定位方式classnames定位值el-table__row
2020-10-23 10:35:06,560 seleniumFindelement.py--> get_element 20: INFO ----->(<class 'TypeError'>, TypeError('find_element() takes from 1 to 3 positional arguments but 11 were given'), <traceback object at 0x110ddc680>)
2020-10-23 10:40:28,703 seleniumFindelement.py--> __init__ 20: INFO ----->None
2020-10-23 10:40:28,703 seleniumFindelement.py--> __init__ 20: INFO ----->None
2020-10-23 10:40:28,704 seleniumFindelement.py--> __init__ 20: INFO ----->None
2020-10-23 10:40:28,704 seleniumFindelement.py--> __init__ 20: INFO ----->None
2020-10-23 10:40:31,538 seleniumFindelement.py--> get_element 20: INFO ----->yhgllist
2020-10-23 10:40:31,538 seleniumFindelement.py--> get_element 20: INFO ----->classnames>el-table__row
2020-10-23 10:40:31,538 seleniumFindelement.py--> get_element 20: INFO ----->定位方式classnames定位值el-table__row
2020-10-23 10:40:32,923 seleniumFindelement.py--> get_element 20: INFO ----->(<class 'TypeError'>, TypeError('find_element() takes from 1 to 3 positional arguments but 11 were given'), <traceback object at 0x105df6440>)
2020-10-23 10:56:33,285 seleniumFindelement.py--> __init__ 20: INFO ----->None
2020-10-23 10:56:33,286 seleniumFindelement.py--> __init__ 20: INFO ----->None
2020-10-23 10:56:33,289 seleniumFindelement.py--> __init__ 20: INFO ----->None
2020-10-23 10:56:33,289 seleniumFindelement.py--> __init__ 20: INFO ----->None
2020-10-23 10:56:35,877 seleniumFindelement.py--> get_element 20: INFO ----->yhgllist
2020-10-23 10:56:35,877 seleniumFindelement.py--> get_element 20: INFO ----->classnames>el-table__row
2020-10-23 10:56:35,877 seleniumFindelement.py--> get_element 20: INFO ----->定位方式classnames定位值el-table__row
2020-10-23 10:56:37,414 seleniumFindelement.py--> get_element 20: INFO ----->(<class 'TypeError'>, TypeError('find_element() takes from 1 to 3 positional arguments but 11 were given'), <traceback object at 0x103162300>)
2020-10-23 11:00:35,012 seleniumFindelement.py--> __init__ 20: INFO ----->None
2020-10-23 11:00:35,012 seleniumFindelement.py--> __init__ 20: INFO ----->None
2020-10-23 11:00:35,013 seleniumFindelement.py--> __init__ 20: INFO ----->None
2020-10-23 11:00:35,014 seleniumFindelement.py--> __init__ 20: INFO ----->None
2020-10-23 11:00:37,760 seleniumFindelement.py--> get_element 20: INFO ----->yhgllist
2020-10-23 11:00:37,760 seleniumFindelement.py--> get_element 20: INFO ----->classnames>el-table__row
2020-10-23 11:00:37,761 seleniumFindelement.py--> get_element 20: INFO ----->定位方式classnames定位值el-table__row
2020-10-23 11:00:37,761 seleniumFindelement.py--> get_element 20: INFO ----->value
2020-10-23 11:00:39,319 seleniumFindelement.py--> get_element 20: INFO ----->获取到的元素为--->
2020-10-23 11:00:39,320 seleniumFindelement.py--> get_element 20: INFO ----->[<selenium.webdriver.remote.webelement.WebElement (session="ae8bcb453774da346d480d9238fe4841", element="0.906939685544303-1")>, <selenium.webdriver.remote.webelement.WebElement (session="ae8bcb453774da346d480d9238fe4841", element="0.906939685544303-2")>, <selenium.webdriver.remote.webelement.WebElement (session="ae8bcb453774da346d480d9238fe4841", element="0.906939685544303-3")>, <selenium.webdriver.remote.webelement.WebElement (session="ae8bcb453774da346d480d9238fe4841", element="0.906939685544303-4")>, <selenium.webdriver.remote.webelement.WebElement (session="ae8bcb453774da346d480d9238fe4841", element="0.906939685544303-5")>, <selenium.webdriver.remote.webelement.WebElement (session="ae8bcb453774da346d480d9238fe4841", element="0.906939685544303-6")>, <selenium.webdriver.remote.webelement.WebElement (session="ae8bcb453774da346d480d9238fe4841", element="0.906939685544303-7")>, <selenium.webdriver.remote.webelement.WebElement (session="ae8bcb453774da346d480d9238fe4841", element="0.906939685544303-8")>, <selenium.webdriver.remote.webelement.WebElement (session="ae8bcb453774da346d480d9238fe4841", element="0.906939685544303-9")>, <selenium.webdriver.remote.webelement.WebElement (session="ae8bcb453774da346d480d9238fe4841", element="0.906939685544303-10")>]
2020-10-23 11:02:44,069 seleniumFindelement.py--> __init__ 20: INFO ----->None
2020-10-23 11:02:44,070 seleniumFindelement.py--> __init__ 20: INFO ----->None
2020-10-23 11:02:44,071 seleniumFindelement.py--> __init__ 20: INFO ----->None
2020-10-23 11:02:44,071 seleniumFindelement.py--> __init__ 20: INFO ----->None
2020-10-23 11:02:47,076 seleniumFindelement.py--> get_element 20: INFO ----->yhgllist
2020-10-23 11:02:47,076 seleniumFindelement.py--> get_element 20: INFO ----->classnames>el-table__row
2020-10-23 11:02:47,076 seleniumFindelement.py--> get_element 20: INFO ----->定位方式classnames定位值el-table__row
2020-10-23 11:02:48,798 seleniumFindelement.py--> get_element 20: INFO ----->获取到的元素为--->
2020-10-23 11:02:48,798 seleniumFindelement.py--> get_element 20: INFO ----->[<selenium.webdriver.remote.webelement.WebElement (session="aa93c8caf13375b72147fbf7e088f86b", element="0.3315838268330069-1")>, <selenium.webdriver.remote.webelement.WebElement (session="aa93c8caf13375b72147fbf7e088f86b", element="0.3315838268330069-2")>, <selenium.webdriver.remote.webelement.WebElement (session="aa93c8caf13375b72147fbf7e088f86b", element="0.3315838268330069-3")>, <selenium.webdriver.remote.webelement.WebElement (session="aa93c8caf13375b72147fbf7e088f86b", element="0.3315838268330069-4")>, <selenium.webdriver.remote.webelement.WebElement (session="aa93c8caf13375b72147fbf7e088f86b", element="0.3315838268330069-5")>, <selenium.webdriver.remote.webelement.WebElement (session="aa93c8caf13375b72147fbf7e088f86b", element="0.3315838268330069-6")>, <selenium.webdriver.remote.webelement.WebElement (session="aa93c8caf13375b72147fbf7e088f86b", element="0.3315838268330069-7")>, <selenium.webdriver.remote.webelement.WebElement (session="aa93c8caf13375b72147fbf7e088f86b", element="0.3315838268330069-8")>, <selenium.webdriver.remote.webelement.WebElement (session="aa93c8caf13375b72147fbf7e088f86b", element="0.3315838268330069-9")>, <selenium.webdriver.remote.webelement.WebElement (session="aa93c8caf13375b72147fbf7e088f86b", element="0.3315838268330069-10")>]
2020-10-23 11:04:54,282 seleniumFindelement.py--> __init__ 20: INFO ----->None
2020-10-23 11:04:54,282 seleniumFindelement.py--> __init__ 20: INFO ----->None
2020-10-23 11:04:54,283 seleniumFindelement.py--> __init__ 20: INFO ----->None
2020-10-23 11:04:54,283 seleniumFindelement.py--> __init__ 20: INFO ----->None
2020-10-23 11:04:57,091 seleniumFindelement.py--> get_element 20: INFO ----->yhgllist
2020-10-23 11:04:57,091 seleniumFindelement.py--> get_element 20: INFO ----->classnames>el-table__row
2020-10-23 11:04:57,091 seleniumFindelement.py--> get_element 20: INFO ----->定位方式classnames定位值el-table__row
2020-10-23 11:04:58,693 seleniumFindelement.py--> get_element 20: INFO ----->获取到的元素为--->
2020-10-23 11:04:58,693 seleniumFindelement.py--> get_element 20: INFO ----->[<selenium.webdriver.remote.webelement.WebElement (session="d6482ebf122cbf88e7b7a6f2064ec64d", element="0.188173018087316-1")>, <selenium.webdriver.remote.webelement.WebElement (session="d6482ebf122cbf88e7b7a6f2064ec64d", element="0.188173018087316-2")>, <selenium.webdriver.remote.webelement.WebElement (session="d6482ebf122cbf88e7b7a6f2064ec64d", element="0.188173018087316-3")>, <selenium.webdriver.remote.webelement.WebElement (session="d6482ebf122cbf88e7b7a6f2064ec64d", element="0.188173018087316-4")>, <selenium.webdriver.remote.webelement.WebElement (session="d6482ebf122cbf88e7b7a6f2064ec64d", element="0.188173018087316-5")>, <selenium.webdriver.remote.webelement.WebElement (session="d6482ebf122cbf88e7b7a6f2064ec64d", element="0.188173018087316-6")>, <selenium.webdriver.remote.webelement.WebElement (session="d6482ebf122cbf88e7b7a6f2064ec64d", element="0.188173018087316-7")>, <selenium.webdriver.remote.webelement.WebElement (session="d6482ebf122cbf88e7b7a6f2064ec64d", element="0.188173018087316-8")>, <selenium.webdriver.remote.webelement.WebElement (session="d6482ebf122cbf88e7b7a6f2064ec64d", element="0.188173018087316-9")>, <selenium.webdriver.remote.webelement.WebElement (session="d6482ebf122cbf88e7b7a6f2064ec64d", element="0.188173018087316-10")>]
2020-10-23 11:05:38,262 seleniumFindelement.py--> __init__ 20: INFO ----->None
2020-10-23 11:05:38,263 seleniumFindelement.py--> __init__ 20: INFO ----->None
2020-10-23 11:05:38,264 seleniumFindelement.py--> __init__ 20: INFO ----->None
2020-10-23 11:05:38,264 seleniumFindelement.py--> __init__ 20: INFO ----->None
2020-10-23 11:05:40,962 seleniumFindelement.py--> get_element 20: INFO ----->yhgllist
2020-10-23 11:05:40,962 seleniumFindelement.py--> get_element 20: INFO ----->classnames>el-table__row
2020-10-23 11:05:40,962 seleniumFindelement.py--> get_element 20: INFO ----->定位方式classnames定位值el-table__row
2020-10-23 11:05:42,687 seleniumFindelement.py--> get_element 20: INFO ----->获取到的元素为--->
2020-10-23 11:05:42,687 seleniumFindelement.py--> get_element 20: INFO ----->[<selenium.webdriver.remote.webelement.WebElement (session="3bd3298de8bd462470454fb782e06db3", element="0.4554303666834685-1")>, <selenium.webdriver.remote.webelement.WebElement (session="3bd3298de8bd462470454fb782e06db3", element="0.4554303666834685-2")>, <selenium.webdriver.remote.webelement.WebElement (session="3bd3298de8bd462470454fb782e06db3", element="0.4554303666834685-3")>, <selenium.webdriver.remote.webelement.WebElement (session="3bd3298de8bd462470454fb782e06db3", element="0.4554303666834685-4")>, <selenium.webdriver.remote.webelement.WebElement (session="3bd3298de8bd462470454fb782e06db3", element="0.4554303666834685-5")>, <selenium.webdriver.remote.webelement.WebElement (session="3bd3298de8bd462470454fb782e06db3", element="0.4554303666834685-6")>, <selenium.webdriver.remote.webelement.WebElement (session="3bd3298de8bd462470454fb782e06db3", element="0.4554303666834685-7")>, <selenium.webdriver.remote.webelement.WebElement (session="3bd3298de8bd462470454fb782e06db3", element="0.4554303666834685-8")>, <selenium.webdriver.remote.webelement.WebElement (session="3bd3298de8bd462470454fb782e06db3", element="0.4554303666834685-9")>, <selenium.webdriver.remote.webelement.WebElement (session="3bd3298de8bd462470454fb782e06db3", element="0.4554303666834685-10")>]
2020-10-23 11:07:23,413 seleniumFindelement.py--> __init__ 20: INFO ----->None
2020-10-23 11:07:23,413 seleniumFindelement.py--> __init__ 20: INFO ----->None
2020-10-23 11:07:23,415 seleniumFindelement.py--> __init__ 20: INFO ----->None
2020-10-23 11:07:23,415 seleniumFindelement.py--> __init__ 20: INFO ----->None
2020-10-23 11:07:26,159 seleniumFindelement.py--> get_element 20: INFO ----->yhgllist
2020-10-23 11:07:26,159 seleniumFindelement.py--> get_element 20: INFO ----->classnames>el-table__row
2020-10-23 11:07:26,159 seleniumFindelement.py--> get_element 20: INFO ----->定位方式classnames定位值el-table__row
2020-10-23 11:07:27,403 seleniumFindelement.py--> get_element 20: INFO ----->获取到的元素为--->
2020-10-23 11:07:27,403 seleniumFindelement.py--> get_element 20: INFO ----->[<selenium.webdriver.remote.webelement.WebElement (session="d84868843d97d8719def2ba1fcbd77a3", element="0.042634703798149376-1")>, <selenium.webdriver.remote.webelement.WebElement (session="d84868843d97d8719def2ba1fcbd77a3", element="0.042634703798149376-2")>, <selenium.webdriver.remote.webelement.WebElement (session="d84868843d97d8719def2ba1fcbd77a3", element="0.042634703798149376-3")>, <selenium.webdriver.remote.webelement.WebElement (session="d84868843d97d8719def2ba1fcbd77a3", element="0.042634703798149376-4")>, <selenium.webdriver.remote.webelement.WebElement (session="d84868843d97d8719def2ba1fcbd77a3", element="0.042634703798149376-5")>, <selenium.webdriver.remote.webelement.WebElement (session="d84868843d97d8719def2ba1fcbd77a3", element="0.042634703798149376-6")>, <selenium.webdriver.remote.webelement.WebElement (session="d84868843d97d8719def2ba1fcbd77a3", element="0.042634703798149376-7")>, <selenium.webdriver.remote.webelement.WebElement (session="d84868843d97d8719def2ba1fcbd77a3", element="0.042634703798149376-8")>, <selenium.webdriver.remote.webelement.WebElement (session="d84868843d97d8719def2ba1fcbd77a3", element="0.042634703798149376-9")>, <selenium.webdriver.remote.webelement.WebElement (session="d84868843d97d8719def2ba1fcbd77a3", element="0.042634703798149376-10")>]
2020-10-23 11:08:06,907 seleniumFindelement.py--> __init__ 20: INFO ----->None
2020-10-23 11:08:06,907 seleniumFindelement.py--> __init__ 20: INFO ----->None
2020-10-23 11:08:06,908 seleniumFindelement.py--> __init__ 20: INFO ----->None
2020-10-23 11:08:06,908 seleniumFindelement.py--> __init__ 20: INFO ----->None
2020-10-23 11:08:09,593 seleniumFindelement.py--> get_element 20: INFO ----->yhgllist
2020-10-23 11:08:09,593 seleniumFindelement.py--> get_element 20: INFO ----->classnames>el-table__row
2020-10-23 11:08:09,594 seleniumFindelement.py--> get_element 20: INFO ----->定位方式classnames定位值el-table__row
2020-10-23 11:08:10,941 seleniumFindelement.py--> get_element 20: INFO ----->获取到的元素为--->
2020-10-23 11:08:10,942 seleniumFindelement.py--> get_element 20: INFO ----->[<selenium.webdriver.remote.webelement.WebElement (session="384a170ed00cd1efd842f414c832ceb8", element="0.74305867200041-1")>, <selenium.webdriver.remote.webelement.WebElement (session="384a170ed00cd1efd842f414c832ceb8", element="0.74305867200041-2")>, <selenium.webdriver.remote.webelement.WebElement (session="384a170ed00cd1efd842f414c832ceb8", element="0.74305867200041-3")>, <selenium.webdriver.remote.webelement.WebElement (session="384a170ed00cd1efd842f414c832ceb8", element="0.74305867200041-4")>, <selenium.webdriver.remote.webelement.WebElement (session="384a170ed00cd1efd842f414c832ceb8", element="0.74305867200041-5")>, <selenium.webdriver.remote.webelement.WebElement (session="384a170ed00cd1efd842f414c832ceb8", element="0.74305867200041-6")>, <selenium.webdriver.remote.webelement.WebElement (session="384a170ed00cd1efd842f414c832ceb8", element="0.74305867200041-7")>, <selenium.webdriver.remote.webelement.WebElement (session="384a170ed00cd1efd842f414c832ceb8", element="0.74305867200041-8")>, <selenium.webdriver.remote.webelement.WebElement (session="384a170ed00cd1efd842f414c832ceb8", element="0.74305867200041-9")>, <selenium.webdriver.remote.webelement.WebElement (session="384a170ed00cd1efd842f414c832ceb8", element="0.74305867200041-10")>]
2020-10-23 11:11:08,693 seleniumFindelement.py--> __init__ 20: INFO ----->None
2020-10-23 11:11:08,694 seleniumFindelement.py--> __init__ 20: INFO ----->None
2020-10-23 11:11:08,695 seleniumFindelement.py--> __init__ 20: INFO ----->None
2020-10-23 11:11:08,696 seleniumFindelement.py--> __init__ 20: INFO ----->None
2020-10-23 11:11:11,290 seleniumFindelement.py--> get_element 20: INFO ----->yhgllist
2020-10-23 11:11:11,290 seleniumFindelement.py--> get_element 20: INFO ----->classnames>el-table__row
2020-10-23 11:11:11,290 seleniumFindelement.py--> get_element 20: INFO ----->定位方式classnames定位值el-table__row
2020-10-23 11:11:12,725 seleniumFindelement.py--> get_element 20: INFO ----->获取到的元素为--->
2020-10-23 11:11:12,725 seleniumFindelement.py--> get_element 20: INFO ----->[<selenium.webdriver.remote.webelement.WebElement (session="28130f423fe244f276e6707b668a1470", element="0.06369418555455897-1")>, <selenium.webdriver.remote.webelement.WebElement (session="28130f423fe244f276e6707b668a1470", element="0.06369418555455897-2")>, <selenium.webdriver.remote.webelement.WebElement (session="28130f423fe244f276e6707b668a1470", element="0.06369418555455897-3")>, <selenium.webdriver.remote.webelement.WebElement (session="28130f423fe244f276e6707b668a1470", element="0.06369418555455897-4")>, <selenium.webdriver.remote.webelement.WebElement (session="28130f423fe244f276e6707b668a1470", element="0.06369418555455897-5")>, <selenium.webdriver.remote.webelement.WebElement (session="28130f423fe244f276e6707b668a1470", element="0.06369418555455897-6")>, <selenium.webdriver.remote.webelement.WebElement (session="28130f423fe244f276e6707b668a1470", element="0.06369418555455897-7")>, <selenium.webdriver.remote.webelement.WebElement (session="28130f423fe244f276e6707b668a1470", element="0.06369418555455897-8")>, <selenium.webdriver.remote.webelement.WebElement (session="28130f423fe244f276e6707b668a1470", element="0.06369418555455897-9")>, <selenium.webdriver.remote.webelement.WebElement (session="28130f423fe244f276e6707b668a1470", element="0.06369418555455897-10")>]
2020-10-23 11:12:27,337 seleniumFindelement.py--> __init__ 20: INFO ----->None
2020-10-23 11:12:27,338 seleniumFindelement.py--> __init__ 20: INFO ----->None
2020-10-23 11:12:27,339 seleniumFindelement.py--> __init__ 20: INFO ----->None
2020-10-23 11:12:27,339 seleniumFindelement.py--> __init__ 20: INFO ----->None
2020-10-23 11:12:30,402 seleniumFindelement.py--> get_element 20: INFO ----->yhgllist
2020-10-23 11:12:30,402 seleniumFindelement.py--> get_element 20: INFO ----->classnames>el-table__row
2020-10-23 11:12:30,402 seleniumFindelement.py--> get_element 20: INFO ----->定位方式classnames定位值el-table__row
2020-10-23 11:12:32,332 seleniumFindelement.py--> get_element 20: INFO ----->获取到的元素为--->
2020-10-23 11:12:32,332 seleniumFindelement.py--> get_element 20: INFO ----->[<selenium.webdriver.remote.webelement.WebElement (session="3f4db4f6964657f8cef473c7adaba389", element="0.9374659974095543-1")>, <selenium.webdriver.remote.webelement.WebElement (session="3f4db4f6964657f8cef473c7adaba389", element="0.9374659974095543-2")>, <selenium.webdriver.remote.webelement.WebElement (session="3f4db4f6964657f8cef473c7adaba389", element="0.9374659974095543-3")>, <selenium.webdriver.remote.webelement.WebElement (session="3f4db4f6964657f8cef473c7adaba389", element="0.9374659974095543-4")>, <selenium.webdriver.remote.webelement.WebElement (session="3f4db4f6964657f8cef473c7adaba389", element="0.9374659974095543-5")>, <selenium.webdriver.remote.webelement.WebElement (session="3f4db4f6964657f8cef473c7adaba389", element="0.9374659974095543-6")>, <selenium.webdriver.remote.webelement.WebElement (session="3f4db4f6964657f8cef473c7adaba389", element="0.9374659974095543-7")>, <selenium.webdriver.remote.webelement.WebElement (session="3f4db4f6964657f8cef473c7adaba389", element="0.9374659974095543-8")>, <selenium.webdriver.remote.webelement.WebElement (session="3f4db4f6964657f8cef473c7adaba389", element="0.9374659974095543-9")>, <selenium.webdriver.remote.webelement.WebElement (session="3f4db4f6964657f8cef473c7adaba389", element="0.9374659974095543-10")>]
2020-10-23 11:13:00,585 seleniumFindelement.py--> __init__ 20: INFO ----->None
2020-10-23 11:13:00,585 seleniumFindelement.py--> __init__ 20: INFO ----->None
2020-10-23 11:13:00,586 seleniumFindelement.py--> __init__ 20: INFO ----->None
2020-10-23 11:13:00,586 seleniumFindelement.py--> __init__ 20: INFO ----->None
2020-10-23 11:13:03,313 seleniumFindelement.py--> get_element 20: INFO ----->yhgllist
2020-10-23 11:13:03,313 seleniumFindelement.py--> get_element 20: INFO ----->classnames>el-table__row
2020-10-23 11:13:03,313 seleniumFindelement.py--> get_element 20: INFO ----->定位方式classnames定位值el-table__row
2020-10-23 11:13:04,756 seleniumFindelement.py--> get_element 20: INFO ----->获取到的元素为--->
2020-10-23 11:13:04,757 seleniumFindelement.py--> get_element 20: INFO ----->[<selenium.webdriver.remote.webelement.WebElement (session="de9805ce6a46263e7753592ee3c74c85", element="0.8487794660142589-1")>, <selenium.webdriver.remote.webelement.WebElement (session="de9805ce6a46263e7753592ee3c74c85", element="0.8487794660142589-2")>, <selenium.webdriver.remote.webelement.WebElement (session="de9805ce6a46263e7753592ee3c74c85", element="0.8487794660142589-3")>, <selenium.webdriver.remote.webelement.WebElement (session="de9805ce6a46263e7753592ee3c74c85", element="0.8487794660142589-4")>, <selenium.webdriver.remote.webelement.WebElement (session="de9805ce6a46263e7753592ee3c74c85", element="0.8487794660142589-5")>, <selenium.webdriver.remote.webelement.WebElement (session="de9805ce6a46263e7753592ee3c74c85", element="0.8487794660142589-6")>, <selenium.webdriver.remote.webelement.WebElement (session="de9805ce6a46263e7753592ee3c74c85", element="0.8487794660142589-7")>, <selenium.webdriver.remote.webelement.WebElement (session="de9805ce6a46263e7753592ee3c74c85", element="0.8487794660142589-8")>, <selenium.webdriver.remote.webelement.WebElement (session="de9805ce6a46263e7753592ee3c74c85", element="0.8487794660142589-9")>, <selenium.webdriver.remote.webelement.WebElement (session="de9805ce6a46263e7753592ee3c74c85", element="0.8487794660142589-10")>]
2020-10-23 11:13:25,731 seleniumFindelement.py--> __init__ 20: INFO ----->None
2020-10-23 11:13:25,731 seleniumFindelement.py--> __init__ 20: INFO ----->None
2020-10-23 11:13:25,735 seleniumFindelement.py--> __init__ 20: INFO ----->None
2020-10-23 11:13:25,735 seleniumFindelement.py--> __init__ 20: INFO ----->None
2020-10-23 11:13:28,302 seleniumFindelement.py--> get_element 20: INFO ----->yhgllist
2020-10-23 11:13:28,302 seleniumFindelement.py--> get_element 20: INFO ----->classnames>el-table__row
2020-10-23 11:13:28,302 seleniumFindelement.py--> get_element 20: INFO ----->定位方式classnames定位值el-table__row
2020-10-23 11:13:29,584 seleniumFindelement.py--> get_element 20: INFO ----->获取到的元素为--->
2020-10-23 11:13:29,584 seleniumFindelement.py--> get_element 20: INFO ----->[<selenium.webdriver.remote.webelement.WebElement (session="7792aa6763b25646449ab29e4f14e1d3", element="0.9993859204109055-1")>, <selenium.webdriver.remote.webelement.WebElement (session="7792aa6763b25646449ab29e4f14e1d3", element="0.9993859204109055-2")>, <selenium.webdriver.remote.webelement.WebElement (session="7792aa6763b25646449ab29e4f14e1d3", element="0.9993859204109055-3")>, <selenium.webdriver.remote.webelement.WebElement (session="7792aa6763b25646449ab29e4f14e1d3", element="0.9993859204109055-4")>, <selenium.webdriver.remote.webelement.WebElement (session="7792aa6763b25646449ab29e4f14e1d3", element="0.9993859204109055-5")>, <selenium.webdriver.remote.webelement.WebElement (session="7792aa6763b25646449ab29e4f14e1d3", element="0.9993859204109055-6")>, <selenium.webdriver.remote.webelement.WebElement (session="7792aa6763b25646449ab29e4f14e1d3", element="0.9993859204109055-7")>, <selenium.webdriver.remote.webelement.WebElement (session="7792aa6763b25646449ab29e4f14e1d3", element="0.9993859204109055-8")>, <selenium.webdriver.remote.webelement.WebElement (session="7792aa6763b25646449ab29e4f14e1d3", element="0.9993859204109055-9")>, <selenium.webdriver.remote.webelement.WebElement (session="7792aa6763b25646449ab29e4f14e1d3", element="0.9993859204109055-10")>]
2020-10-23 11:14:52,037 seleniumFindelement.py--> __init__ 20: INFO ----->None
2020-10-23 11:14:52,037 seleniumFindelement.py--> __init__ 20: INFO ----->None
2020-10-23 11:14:52,038 seleniumFindelement.py--> __init__ 20: INFO ----->None
2020-10-23 11:14:52,038 seleniumFindelement.py--> __init__ 20: INFO ----->None
2020-10-23 11:14:54,680 seleniumFindelement.py--> get_element 20: INFO ----->yhgllist
2020-10-23 11:14:54,681 seleniumFindelement.py--> get_element 20: INFO ----->classnames>el-table__row
2020-10-23 11:14:54,681 seleniumFindelement.py--> get_element 20: INFO ----->定位方式classnames定位值el-table__row
2020-10-23 11:14:56,092 seleniumFindelement.py--> get_element 20: INFO ----->获取到的元素为--->
2020-10-23 11:14:56,093 seleniumFindelement.py--> get_element 20: INFO ----->[<selenium.webdriver.remote.webelement.WebElement (session="56dbc6bf0ddceb924af4498d1a0e47c6", element="0.9944808652818375-1")>, <selenium.webdriver.remote.webelement.WebElement (session="56dbc6bf0ddceb924af4498d1a0e47c6", element="0.9944808652818375-2")>, <selenium.webdriver.remote.webelement.WebElement (session="56dbc6bf0ddceb924af4498d1a0e47c6", element="0.9944808652818375-3")>, <selenium.webdriver.remote.webelement.WebElement (session="56dbc6bf0ddceb924af4498d1a0e47c6", element="0.9944808652818375-4")>, <selenium.webdriver.remote.webelement.WebElement (session="56dbc6bf0ddceb924af4498d1a0e47c6", element="0.9944808652818375-5")>, <selenium.webdriver.remote.webelement.WebElement (session="56dbc6bf0ddceb924af4498d1a0e47c6", element="0.9944808652818375-6")>, <selenium.webdriver.remote.webelement.WebElement (session="56dbc6bf0ddceb924af4498d1a0e47c6", element="0.9944808652818375-7")>, <selenium.webdriver.remote.webelement.WebElement (session="56dbc6bf0ddceb924af4498d1a0e47c6", element="0.9944808652818375-8")>, <selenium.webdriver.remote.webelement.WebElement (session="56dbc6bf0ddceb924af4498d1a0e47c6", element="0.9944808652818375-9")>, <selenium.webdriver.remote.webelement.WebElement (session="56dbc6bf0ddceb924af4498d1a0e47c6", element="0.9944808652818375-10")>]
2020-10-23 11:16:07,109 seleniumFindelement.py--> __init__ 20: INFO ----->None
2020-10-23 11:16:07,110 seleniumFindelement.py--> __init__ 20: INFO ----->None
2020-10-23 11:16:07,111 seleniumFindelement.py--> __init__ 20: INFO ----->None
2020-10-23 11:16:07,111 seleniumFindelement.py--> __init__ 20: INFO ----->None
2020-10-23 11:16:10,069 seleniumFindelement.py--> get_element 20: INFO ----->yhgllist
2020-10-23 11:16:10,069 seleniumFindelement.py--> get_element 20: INFO ----->classnames>el-table__row
2020-10-23 11:16:10,070 seleniumFindelement.py--> get_element 20: INFO ----->定位方式classnames定位值el-table__row
2020-10-23 11:16:11,547 seleniumFindelement.py--> get_element 20: INFO ----->获取到的元素为--->
2020-10-23 11:16:11,548 seleniumFindelement.py--> get_element 20: INFO ----->[<selenium.webdriver.remote.webelement.WebElement (session="ad82ca6e0e5008663a55589261bd3d9a", element="0.5496616230284532-1")>, <selenium.webdriver.remote.webelement.WebElement (session="ad82ca6e0e5008663a55589261bd3d9a", element="0.5496616230284532-2")>, <selenium.webdriver.remote.webelement.WebElement (session="ad82ca6e0e5008663a55589261bd3d9a", element="0.5496616230284532-3")>, <selenium.webdriver.remote.webelement.WebElement (session="ad82ca6e0e5008663a55589261bd3d9a", element="0.5496616230284532-4")>, <selenium.webdriver.remote.webelement.WebElement (session="ad82ca6e0e5008663a55589261bd3d9a", element="0.5496616230284532-5")>, <selenium.webdriver.remote.webelement.WebElement (session="ad82ca6e0e5008663a55589261bd3d9a", element="0.5496616230284532-6")>, <selenium.webdriver.remote.webelement.WebElement (session="ad82ca6e0e5008663a55589261bd3d9a", element="0.5496616230284532-7")>, <selenium.webdriver.remote.webelement.WebElement (session="ad82ca6e0e5008663a55589261bd3d9a", element="0.5496616230284532-8")>, <selenium.webdriver.remote.webelement.WebElement (session="ad82ca6e0e5008663a55589261bd3d9a", element="0.5496616230284532-9")>, <selenium.webdriver.remote.webelement.WebElement (session="ad82ca6e0e5008663a55589261bd3d9a", element="0.5496616230284532-10")>]
2020-10-23 11:19:28,936 seleniumFindelement.py--> __init__ 20: INFO ----->None
2020-10-23 11:19:28,936 seleniumFindelement.py--> __init__ 20: INFO ----->None
2020-10-23 11:19:28,938 seleniumFindelement.py--> __init__ 20: INFO ----->None
2020-10-23 11:19:28,938 seleniumFindelement.py--> __init__ 20: INFO ----->None
2020-10-23 11:19:31,796 seleniumFindelement.py--> get_element 20: INFO ----->yhgllist
2020-10-23 11:19:31,797 seleniumFindelement.py--> get_element 20: INFO ----->classnames>el-table__row
2020-10-23 11:19:31,797 seleniumFindelement.py--> get_element 20: INFO ----->定位方式classnames定位值el-table__row
2020-10-23 11:19:33,139 seleniumFindelement.py--> get_element 20: INFO ----->获取到的元素为--->
2020-10-23 11:19:33,139 seleniumFindelement.py--> get_element 20: INFO ----->[<selenium.webdriver.remote.webelement.WebElement (session="36784c9fd6af2ecca74d01a2f13851e5", element="0.6569535291910413-1")>, <selenium.webdriver.remote.webelement.WebElement (session="36784c9fd6af2ecca74d01a2f13851e5", element="0.6569535291910413-2")>, <selenium.webdriver.remote.webelement.WebElement (session="36784c9fd6af2ecca74d01a2f13851e5", element="0.6569535291910413-3")>, <selenium.webdriver.remote.webelement.WebElement (session="36784c9fd6af2ecca74d01a2f13851e5", element="0.6569535291910413-4")>, <selenium.webdriver.remote.webelement.WebElement (session="36784c9fd6af2ecca74d01a2f13851e5", element="0.6569535291910413-5")>, <selenium.webdriver.remote.webelement.WebElement (session="36784c9fd6af2ecca74d01a2f13851e5", element="0.6569535291910413-6")>, <selenium.webdriver.remote.webelement.WebElement (session="36784c9fd6af2ecca74d01a2f13851e5", element="0.6569535291910413-7")>, <selenium.webdriver.remote.webelement.WebElement (session="36784c9fd6af2ecca74d01a2f13851e5", element="0.6569535291910413-8")>, <selenium.webdriver.remote.webelement.WebElement (session="36784c9fd6af2ecca74d01a2f13851e5", element="0.6569535291910413-9")>, <selenium.webdriver.remote.webelement.WebElement (session="36784c9fd6af2ecca74d01a2f13851e5", element="0.6569535291910413-10")>]
2020-10-23 11:20:08,880 seleniumFindelement.py--> __init__ 20: INFO ----->None
2020-10-23 11:20:08,880 seleniumFindelement.py--> __init__ 20: INFO ----->None
2020-10-23 11:20:08,881 seleniumFindelement.py--> __init__ 20: INFO ----->None
2020-10-23 11:20:08,882 seleniumFindelement.py--> __init__ 20: INFO ----->None
2020-10-23 11:20:11,704 seleniumFindelement.py--> get_element 20: INFO ----->yhgllist
2020-10-23 11:20:11,704 seleniumFindelement.py--> get_element 20: INFO ----->classnames>el-table__row
2020-10-23 11:20:11,704 seleniumFindelement.py--> get_element 20: INFO ----->定位方式classnames定位值el-table__row
2020-10-23 11:20:13,246 seleniumFindelement.py--> get_element 20: INFO ----->获取到的元素为--->
2020-10-23 11:20:13,246 seleniumFindelement.py--> get_element 20: INFO ----->[<selenium.webdriver.remote.webelement.WebElement (session="3e3a8813e28e2686c53850515544a3a3", element="0.08795859078883783-1")>, <selenium.webdriver.remote.webelement.WebElement (session="3e3a8813e28e2686c53850515544a3a3", element="0.08795859078883783-2")>, <selenium.webdriver.remote.webelement.WebElement (session="3e3a8813e28e2686c53850515544a3a3", element="0.08795859078883783-3")>, <selenium.webdriver.remote.webelement.WebElement (session="3e3a8813e28e2686c53850515544a3a3", element="0.08795859078883783-4")>, <selenium.webdriver.remote.webelement.WebElement (session="3e3a8813e28e2686c53850515544a3a3", element="0.08795859078883783-5")>, <selenium.webdriver.remote.webelement.WebElement (session="3e3a8813e28e2686c53850515544a3a3", element="0.08795859078883783-6")>, <selenium.webdriver.remote.webelement.WebElement (session="3e3a8813e28e2686c53850515544a3a3", element="0.08795859078883783-7")>, <selenium.webdriver.remote.webelement.WebElement (session="3e3a8813e28e2686c53850515544a3a3", element="0.08795859078883783-8")>, <selenium.webdriver.remote.webelement.WebElement (session="3e3a8813e28e2686c53850515544a3a3", element="0.08795859078883783-9")>, <selenium.webdriver.remote.webelement.WebElement (session="3e3a8813e28e2686c53850515544a3a3", element="0.08795859078883783-10")>]
